##########────────────────────────────────────────────────────────
🟦 [2025-05-25T01:16:42.937Z] ===== OUTBOUND TO NOK =====
{
  url: 'https://uat-ota.nokair.com/v1/available-flight-fare',
  headers: {
    'X-Correlation-Id': 'b016231d-9d48-4595-946a-78d43d4b0af8',
    client_id: '887eb5c3d01e4cf192404b731ee2eb27'
  },
  body: {
    agencyCode: '',
    currency: 'THB',
    adult: 1,
    child: 0,
    infant: 0,
    journeys: [
      {
        origin: 'BOM',
        destination: 'CNX',
        departureDate: '2025-06-05'
      }
    ]
  }
}
**********────────────────────────────────────────────────────────
