##########────────────────────────────────────────────────────────
🟦 [2025-05-25T01:16:49.001Z] ===== OUTBOUND TO NOK =====
{
  url: 'https://uat-ota.nokair.com/v1/available-flight-fare',
  headers: {
    'X-Correlation-Id': '42e608d2-1fd7-4ec1-9ed0-c01becf897a1',
    client_id: '887eb5c3d01e4cf192404b731ee2eb27'
  },
  body: {
    agencyCode: '',
    currency: 'THB',
    adult: 1,
    child: 0,
    infant: 0,
    journeys: [
      {
        origin: 'BOM',
        destination: 'HKT',
        departureDate: '2025-06-05'
      }
    ]
  }
}
**********────────────────────────────────────────────────────────
