🟦 [2025-05-25T01:13:25.766Z] ===== OUTBOUND TO NOK =====
{
  url: 'https://uat-ota.nokair.com/v1/available-flight-fare',
  headers: {
    'X-Correlation-Id': 'ce8a28bf-d6d8-42d3-913c-1df840380d98',
    client_id: '887eb5c3d01e4cf192404b731ee2eb27'
  },
  body: {
    agencyCode: '',
    currency: 'THB',
    adult: 1,
    child: 0,
    infant: 0,
    journeys: [
      {
        origin: 'BOM',
        destination: 'CNX',
        departureDate: '2025-06-05'
      }
    ]
  }
}
**********────────────────────────────────────────────────────────
##########────────────────────────────────────────────────────────
