🟦 [2025-05-25T01:11:25.945Z] ===== OUTBOUND TO NOK =====
{
  url: 'https://uat-ota.nokair.com/v1/available-flight-fare',
  headers: {
    'X-Correlation-Id': 'a4e046c2-95be-4abc-8dc1-8d3ac58cf47d',
    client_id: '887eb5c3d01e4cf192404b731ee2eb27'
  },
  body: {
    agencyCode: '',
    currency: 'THB',
    adult: 1,
    child: 0,
    infant: 0,
    journeys: [
      {
        origin: 'BOM',
        destination: 'CNX',
        departureDate: '2025-06-03'
      }
    ]
  }
}
**********────────────────────────────────────────────────────────
##########────────────────────────────────────────────────────────
