🟦 [2025-05-25T01:10:12.901Z] ===== OUTBOUND TO NOK =====
{
  url: 'https://uat-ota.nokair.com/v1/available-flight-fare',
  headers: {
    'X-Correlation-Id': '041fd95a-6fb3-413b-9006-14a543c4a9ee',
    client_id: '887eb5c3d01e4cf192404b731ee2eb27'
  },
  body: {
    agencyCode: '',
    currency: 'THB',
    adult: 1,
    child: 0,
    infant: 0,
    journeys: [
      {
        origin: 'DMK',
        destination: 'CNX',
        departureDate: '2025-06-03'
      }
    ]
  }
}
**********────────────────────────────────────────────────────────
##########────────────────────────────────────────────────────────
