🟦 [2025-05-25T01:10:14.117Z] ===== NOK API RESPONSE =====
{
  code: 200,
  responseStatus: 'Success',
  correlationId: '041fd95a-6fb3-413b-9006-14a543c4a9ee',
  securityToken: '27pdub4en6mc6eb051ibbeh74fa0aa097968ad677aed',
  timestamp: '2025-05-25 08:10:15',
  data: [
    {
      origin: 'DMK',
      destination: 'CNX',
      departureDate: '2025-06-03',
      journey: [
        {
          departureDate: '2025-06-03 00:01:00',
          arrivalDate: '2025-06-03 00:02:00',
          international: false,
          travelInfos: [
            {
              departureDate: '2025-06-03 00:01:00',
              origin: 'DMK',
              destination: 'CNX',
              international: false,
              arrivalDate: '2025-06-03 00:02:00',
              duration: '0h1m',
              flightNumber: 'DD5740',
              aircraftDescription: 'test for NKT',
              originName: 'BANGKOK DON MUEANG INTERNATIONAL AIRPORT',
              destinationName: 'CHIANG MAI INTERNATIONAL AIRPORT'
            }
          ],
          fares: [
            {
              productCode: 'NF',
              productName: 'NOK LITE',
              currency: 'THB',
              fareAmount: '1541.12',
              discount: '0.00',
              seatsAvailable: '70',
              fareKey: 'DMKCNX20250603010000THB_6:PRALIT00',
              paxFareTaxBreakdown: [
                {
                  paxTypeCode: 'Adult',
                  fareAmount: '1541.12',
                  fareAmountIncludingTax: '1788.10',
                  fareBasisCode: 'PRALIT00',
                  taxesAndFees: [
                    {
                      amount: '107.88',
                      taxCode: 'VAT',
                      taxName: 'VAT'
                    },
                    {
                      amount: '130.00',
                      taxCode: 'AT',
                      taxName: 'Airport Tax 130 THB for DOM'
                    },
                    { amount: '9.10', taxCode: 'VAT', taxName: 'VAT' }
                  ]
                }
              ]
            },
            {
              productCode: 'NB',
              productName: 'NOK XTRA',
              currency: 'THB',
              fareAmount: '1896.26',
              discount: '0.00',
              seatsAvailable: '70',
              fareKey: 'DMKCNX20250603010000THB_13:PRAXTR00',
              paxFareTaxBreakdown: [
                {
                  paxTypeCode: 'Adult',
                  fareAmount: '1896.26',
                  fareAmountIncludingTax: '2168.10',
                  fareBasisCode: 'PRAXTR00',
                  taxesAndFees: [
                    {
                      amount: '132.74',
                      taxCode: 'VAT',
                      taxName: 'VAT'
                    },
                    {
                      amount: '130.00',
                      taxCode: 'AT',
                      taxName: 'Airport Tax 130 THB for DOM'
                    },
                    { amount: '9.10', taxCode: 'VAT', taxName: 'VAT' }
                  ]
                }
              ]
            },
            {
              productCode: 'NE',
              productName: 'NOK MAX',
              currency: 'THB',
              fareAmount: '2148.60',
              discount: '0.00',
              seatsAvailable: '70',
              fareKey: 'DMKCNX20250603010000THB_20:PRAMAX00',
              paxFareTaxBreakdown: [
                {
                  paxTypeCode: 'Adult',
                  fareAmount: '2148.60',
                  fareAmountIncludingTax: '2438.10',
                  fareBasisCode: 'PRAMAX00',
                  taxesAndFees: [
                    {
                      amount: '150.40',
                      taxCode: 'VAT',
                      taxName: 'VAT'
                    },
                    {
                      amount: '130.00',
                      taxCode: 'AT',
                      taxName: 'Airport Tax 130 THB for DOM'
                    },
                    { amount: '9.10', taxCode: 'VAT', taxName: 'VAT' }
                  ]
                }
              ]
            }
          ],
          journeyKey: 'DMKCNX20250603010000THB_DD574020250603'
        },
        {
          departureDate: '2025-06-03 06:20:00',
          arrivalDate: '2025-06-03 07:25:00',
          international: false,
          travelInfos: [
            {
              departureDate: '2025-06-03 06:20:00',
              origin: 'DMK',
              destination: 'CNX',
              international: false,
              arrivalDate: '2025-06-03 07:25:00',
              duration: '1h5m',
              flightNumber: 'DD124',
              aircraftDescription: 'B737-800 (73810)',
              originName: 'BANGKOK DON MUEANG INTERNATIONAL AIRPORT',
              destinationName: 'CHIANG MAI INTERNATIONAL AIRPORT'
            }
          ],
          fares: [
            {
              productCode: 'NF',
              productName: 'NOK LITE',
              currency: 'THB',
              fareAmount: '886.92',
              discount: '0.00',
              seatsAvailable: '14',
              fareKey: 'DMKCNX20250603010000THB_30:URALIT00',
              paxFareTaxBreakdown: [
                {
                  paxTypeCode: 'Adult',
                  fareAmount: '886.92',
                  fareAmountIncludingTax: '1088.10',
                  fareBasisCode: 'URALIT00',
                  taxesAndFees: [
                    { amount: '62.08', taxCode: 'VAT', taxName: 'VAT' },
                    {
                      amount: '130.00',
                      taxCode: 'AT',
                      taxName: 'Airport Tax 130 THB for DOM'
                    },
                    { amount: '9.10', taxCode: 'VAT', taxName: 'VAT' }
                  ]
                }
              ]
            },
            {
              productCode: 'NB',
              productName: 'NOK XTRA',
              currency: 'THB',
              fareAmount: '1242.06',
              discount: '0.00',
              seatsAvailable: '14',
              fareKey: 'DMKCNX20250603010000THB_42:URAXTR00',
              paxFareTaxBreakdown: [
                {
                  paxTypeCode: 'Adult',
                  fareAmount: '1242.06',
                  fareAmountIncludingTax: '1468.10',
                  fareBasisCode: 'URAXTR00',
                  taxesAndFees: [
                    { amount: '86.94', taxCode: 'VAT', taxName: 'VAT' },
                    {
                      amount: '130.00',
                      taxCode: 'AT',
                      taxName: 'Airport Tax 130 THB for DOM'
                    },
                    { amount: '9.10', taxCode: 'VAT', taxName: 'VAT' }
                  ]
                }
              ]
            },
            {
              productCode: 'NE',
              productName: 'NOK MAX',
              currency: 'THB',
              fareAmount: '1494.39',
              discount: '0.00',
              seatsAvailable: '14',
              fareKey: 'DMKCNX20250603010000THB_54:URAMAX00',
              paxFareTaxBreakdown: [
                {
                  paxTypeCode: 'Adult',
                  fareAmount: '1494.39',
                  fareAmountIncludingTax: '1738.10',
                  fareBasisCode: 'URAMAX00',
                  taxesAndFees: [
                    {
                      amount: '104.61',
                      taxCode: 'VAT',
                      taxName: 'VAT'
                    },
                    {
                      amount: '130.00',
                      taxCode: 'AT',
                      taxName: 'Airport Tax 130 THB for DOM'
                    },
                    { amount: '9.10', taxCode: 'VAT', taxName: 'VAT' }
                  ]
                }
              ]
            }
          ],
          journeyKey: 'DMKCNX20250603010000THB_DD12420250603'
        },
        {
          departureDate: '2025-06-03 09:05:00',
          arrivalDate: '2025-06-03 10:15:00',
          international: false,
          travelInfos: [
            {
              departureDate: '2025-06-03 09:05:00',
              origin: 'DMK',
              destination: 'CNX',
              international: false,
              arrivalDate: '2025-06-03 10:15:00',
              duration: '1h10m',
              flightNumber: 'DD126',
              aircraftDescription: 'B737-800 (73810)',
              originName: 'BANGKOK DON MUEANG INTERNATIONAL AIRPORT',
              destinationName: 'CHIANG MAI INTERNATIONAL AIRPORT'
            }
          ],
          fares: [
            {
              productCode: 'NF',
              productName: 'NOK LITE',
              currency: 'THB',
              fareAmount: '886.92',
              discount: '0.00',
              seatsAvailable: '15',
              fareKey: 'DMKCNX20250603010000THB_64:URALIT00',
              paxFareTaxBreakdown: [
                {
                  paxTypeCode: 'Adult',
                  fareAmount: '886.92',
                  fareAmountIncludingTax: '1088.10',
                  fareBasisCode: 'URALIT00',
                  taxesAndFees: [
                    { amount: '62.08', taxCode: 'VAT', taxName: 'VAT' },
                    {
                      amount: '130.00',
                      taxCode: 'AT',
                      taxName: 'Airport Tax 130 THB for DOM'
                    },
                    { amount: '9.10', taxCode: 'VAT', taxName: 'VAT' }
                  ]
                }
              ]
            },
            {
              productCode: 'NB',
              productName: 'NOK XTRA',
              currency: 'THB',
              fareAmount: '1242.06',
              discount: '0.00',
              seatsAvailable: '15',
              fareKey: 'DMKCNX20250603010000THB_76:URAXTR00',
              paxFareTaxBreakdown: [
                {
                  paxTypeCode: 'Adult',
                  fareAmount: '1242.06',
                  fareAmountIncludingTax: '1468.10',
                  fareBasisCode: 'URAXTR00',
                  taxesAndFees: [
                    { amount: '86.94', taxCode: 'VAT', taxName: 'VAT' },
                    {
                      amount: '130.00',
                      taxCode: 'AT',
                      taxName: 'Airport Tax 130 THB for DOM'
                    },
                    { amount: '9.10', taxCode: 'VAT', taxName: 'VAT' }
                  ]
                }
              ]
            },
            {
              productCode: 'NE',
              productName: 'NOK MAX',
              currency: 'THB',
              fareAmount: '1494.39',
              discount: '0.00',
              seatsAvailable: '15',
              fareKey: 'DMKCNX20250603010000THB_88:URAMAX00',
              paxFareTaxBreakdown: [
                {
                  paxTypeCode: 'Adult',
                  fareAmount: '1494.39',
                  fareAmountIncludingTax: '1738.10',
                  fareBasisCode: 'URAMAX00',
                  taxesAndFees: [
                    {
                      amount: '104.61',
                      taxCode: 'VAT',
                      taxName: 'VAT'
                    },
                    {
                      amount: '130.00',
                      taxCode: 'AT',
                      taxName: 'Airport Tax 130 THB for DOM'
                    },
                    { amount: '9.10', taxCode: 'VAT', taxName: 'VAT' }
                  ]
                }
              ]
            }
          ],
          journeyKey: 'DMKCNX20250603010000THB_DD12620250603'
        },
        {
          departureDate: '2025-06-03 09:45:00',
          arrivalDate: '2025-06-03 10:50:00',
          international: false,
          travelInfos: [
            {
              departureDate: '2025-06-03 09:45:00',
              origin: 'DMK',
              destination: 'CNX',
              international: false,
              arrivalDate: '2025-06-03 10:50:00',
              duration: '1h5m',
              flightNumber: 'DD128',
              aircraftDescription: 'B737-800 (73810)',
              originName: 'BANGKOK DON MUEANG INTERNATIONAL AIRPORT',
              destinationName: 'CHIANG MAI INTERNATIONAL AIRPORT'
            }
          ],
          fares: [
            {
              productCode: 'NF',
              productName: 'NOK LITE',
              currency: 'THB',
              fareAmount: '886.92',
              discount: '0.00',
              seatsAvailable: '15',
              fareKey: 'DMKCNX20250603010000THB_98:URALIT00',
              paxFareTaxBreakdown: [
                {
                  paxTypeCode: 'Adult',
                  fareAmount: '886.92',
                  fareAmountIncludingTax: '1088.10',
                  fareBasisCode: 'URALIT00',
                  taxesAndFees: [
                    { amount: '62.08', taxCode: 'VAT', taxName: 'VAT' },
                    {
                      amount: '130.00',
                      taxCode: 'AT',
                      taxName: 'Airport Tax 130 THB for DOM'
                    },
                    { amount: '9.10', taxCode: 'VAT', taxName: 'VAT' }
                  ]
                }
              ]
            },
            {
              productCode: 'NB',
              productName: 'NOK XTRA',
              currency: 'THB',
              fareAmount: '1242.06',
              discount: '0.00',
              seatsAvailable: '15',
              fareKey: 'DMKCNX20250603010000THB_110:URAXTR00',
              paxFareTaxBreakdown: [
                {
                  paxTypeCode: 'Adult',
                  fareAmount: '1242.06',
                  fareAmountIncludingTax: '1468.10',
                  fareBasisCode: 'URAXTR00',
                  taxesAndFees: [
                    { amount: '86.94', taxCode: 'VAT', taxName: 'VAT' },
                    {
                      amount: '130.00',
                      taxCode: 'AT',
                      taxName: 'Airport Tax 130 THB for DOM'
                    },
                    { amount: '9.10', taxCode: 'VAT', taxName: 'VAT' }
                  ]
                }
              ]
            },
            {
              productCode: 'NE',
              productName: 'NOK MAX',
              currency: 'THB',
              fareAmount: '1494.39',
              discount: '0.00',
              seatsAvailable: '15',
              fareKey: 'DMKCNX20250603010000THB_122:URAMAX00',
              paxFareTaxBreakdown: [
                {
                  paxTypeCode: 'Adult',
                  fareAmount: '1494.39',
                  fareAmountIncludingTax: '1738.10',
                  fareBasisCode: 'URAMAX00',
                  taxesAndFees: [
                    {
                      amount: '104.61',
                      taxCode: 'VAT',
                      taxName: 'VAT'
                    },
                    {
                      amount: '130.00',
                      taxCode: 'AT',
                      taxName: 'Airport Tax 130 THB for DOM'
                    },
                    { amount: '9.10', taxCode: 'VAT', taxName: 'VAT' }
                  ]
                }
              ]
            }
          ],
          journeyKey: 'DMKCNX20250603010000THB_DD12820250603'
        },
        {
          departureDate: '2025-06-03 13:45:00',
          arrivalDate: '2025-06-03 15:05:00',
          international: false,
          travelInfos: [
            {
              departureDate: '2025-06-03 13:45:00',
              origin: 'DMK',
              destination: 'CNX',
              international: false,
              arrivalDate: '2025-06-03 15:05:00',
              duration: '1h20m',
              flightNumber: 'DD134',
              aircraftDescription: 'B737-800 (73810)',
              originName: 'BANGKOK DON MUEANG INTERNATIONAL AIRPORT',
              destinationName: 'CHIANG MAI INTERNATIONAL AIRPORT'
            }
          ],
          fares: [
            {
              productCode: 'NF',
              productName: 'NOK LITE',
              currency: 'THB',
              fareAmount: '886.92',
              discount: '0.00',
              seatsAvailable: '15',
              fareKey: 'DMKCNX20250603010000THB_132:URALIT00',
              paxFareTaxBreakdown: [
                {
                  paxTypeCode: 'Adult',
                  fareAmount: '886.92',
                  fareAmountIncludingTax: '1088.10',
                  fareBasisCode: 'URALIT00',
                  taxesAndFees: [
                    { amount: '62.08', taxCode: 'VAT', taxName: 'VAT' },
                    {
                      amount: '130.00',
                      taxCode: 'AT',
                      taxName: 'Airport Tax 130 THB for DOM'
                    },
                    { amount: '9.10', taxCode: 'VAT', taxName: 'VAT' }
                  ]
                }
              ]
            },
            {
              productCode: 'NB',
              productName: 'NOK XTRA',
              currency: 'THB',
              fareAmount: '1242.06',
              discount: '0.00',
              seatsAvailable: '15',
              fareKey: 'DMKCNX20250603010000THB_144:URAXTR00',
              paxFareTaxBreakdown: [
                {
                  paxTypeCode: 'Adult',
                  fareAmount: '1242.06',
                  fareAmountIncludingTax: '1468.10',
                  fareBasisCode: 'URAXTR00',
                  taxesAndFees: [
                    { amount: '86.94', taxCode: 'VAT', taxName: 'VAT' },
                    {
                      amount: '130.00',
                      taxCode: 'AT',
                      taxName: 'Airport Tax 130 THB for DOM'
                    },
                    { amount: '9.10', taxCode: 'VAT', taxName: 'VAT' }
                  ]
                }
              ]
            },
            {
              productCode: 'NE',
              productName: 'NOK MAX',
              currency: 'THB',
              fareAmount: '1494.39',
              discount: '0.00',
              seatsAvailable: '15',
              fareKey: 'DMKCNX20250603010000THB_156:URAMAX00',
              paxFareTaxBreakdown: [
                {
                  paxTypeCode: 'Adult',
                  fareAmount: '1494.39',
                  fareAmountIncludingTax: '1738.10',
                  fareBasisCode: 'URAMAX00',
                  taxesAndFees: [
                    {
                      amount: '104.61',
                      taxCode: 'VAT',
                      taxName: 'VAT'
                    },
                    {
                      amount: '130.00',
                      taxCode: 'AT',
                      taxName: 'Airport Tax 130 THB for DOM'
                    },
                    { amount: '9.10', taxCode: 'VAT', taxName: 'VAT' }
                  ]
                }
              ]
            }
          ],
          journeyKey: 'DMKCNX20250603010000THB_DD13420250603'
        },
        {
          departureDate: '2025-06-03 17:10:00',
          arrivalDate: '2025-06-03 18:15:00',
          international: false,
          travelInfos: [
            {
              departureDate: '2025-06-03 17:10:00',
              origin: 'DMK',
              destination: 'CNX',
              international: false,
              arrivalDate: '2025-06-03 18:15:00',
              duration: '1h5m',
              flightNumber: 'DD136',
              aircraftDescription: 'B737-800 (73810)',
              originName: 'BANGKOK DON MUEANG INTERNATIONAL AIRPORT',
              destinationName: 'CHIANG MAI INTERNATIONAL AIRPORT'
            }
          ],
          fares: [
            {
              productCode: 'NF',
              productName: 'NOK LITE',
              currency: 'THB',
              fareAmount: '886.92',
              discount: '0.00',
              seatsAvailable: '15',
              fareKey: 'DMKCNX20250603010000THB_166:URALIT00',
              paxFareTaxBreakdown: [
                {
                  paxTypeCode: 'Adult',
                  fareAmount: '886.92',
                  fareAmountIncludingTax: '1088.10',
                  fareBasisCode: 'URALIT00',
                  taxesAndFees: [
                    { amount: '62.08', taxCode: 'VAT', taxName: 'VAT' },
                    {
                      amount: '130.00',
                      taxCode: 'AT',
                      taxName: 'Airport Tax 130 THB for DOM'
                    },
                    { amount: '9.10', taxCode: 'VAT', taxName: 'VAT' }
                  ]
                }
              ]
            },
            {
              productCode: 'NB',
              productName: 'NOK XTRA',
              currency: 'THB',
              fareAmount: '1242.06',
              discount: '0.00',
              seatsAvailable: '15',
              fareKey: 'DMKCNX20250603010000THB_178:URAXTR00',
              paxFareTaxBreakdown: [
                {
                  paxTypeCode: 'Adult',
                  fareAmount: '1242.06',
                  fareAmountIncludingTax: '1468.10',
                  fareBasisCode: 'URAXTR00',
                  taxesAndFees: [
                    { amount: '86.94', taxCode: 'VAT', taxName: 'VAT' },
                    {
                      amount: '130.00',
                      taxCode: 'AT',
                      taxName: 'Airport Tax 130 THB for DOM'
                    },
                    { amount: '9.10', taxCode: 'VAT', taxName: 'VAT' }
                  ]
                }
              ]
            },
            {
              productCode: 'NE',
              productName: 'NOK MAX',
              currency: 'THB',
              fareAmount: '1494.39',
              discount: '0.00',
              seatsAvailable: '15',
              fareKey: 'DMKCNX20250603010000THB_190:URAMAX00',
              paxFareTaxBreakdown: [
                {
                  paxTypeCode: 'Adult',
                  fareAmount: '1494.39',
                  fareAmountIncludingTax: '1738.10',
                  fareBasisCode: 'URAMAX00',
                  taxesAndFees: [
                    {
                      amount: '104.61',
                      taxCode: 'VAT',
                      taxName: 'VAT'
                    },
                    {
                      amount: '130.00',
                      taxCode: 'AT',
                      taxName: 'Airport Tax 130 THB for DOM'
                    },
                    { amount: '9.10', taxCode: 'VAT', taxName: 'VAT' }
                  ]
                }
              ]
            }
          ],
          journeyKey: 'DMKCNX20250603010000THB_DD13620250603'
        },
        {
          departureDate: '2025-06-03 20:30:00',
          arrivalDate: '2025-06-03 21:40:00',
          international: false,
          travelInfos: [
            {
              departureDate: '2025-06-03 20:30:00',
              origin: 'DMK',
              destination: 'CNX',
              international: false,
              arrivalDate: '2025-06-03 21:40:00',
              duration: '1h10m',
              flightNumber: 'DD140',
              aircraftDescription: 'B737-800 (73810)',
              originName: 'BANGKOK DON MUEANG INTERNATIONAL AIRPORT',
              destinationName: 'CHIANG MAI INTERNATIONAL AIRPORT'
            }
          ],
          fares: [
            {
              productCode: 'NF',
              productName: 'NOK LITE',
              currency: 'THB',
              fareAmount: '886.92',
              discount: '0.00',
              seatsAvailable: '15',
              fareKey: 'DMKCNX20250603010000THB_200:URALIT00',
              paxFareTaxBreakdown: [
                {
                  paxTypeCode: 'Adult',
                  fareAmount: '886.92',
                  fareAmountIncludingTax: '1088.10',
                  fareBasisCode: 'URALIT00',
                  taxesAndFees: [
                    { amount: '62.08', taxCode: 'VAT', taxName: 'VAT' },
                    {
                      amount: '130.00',
                      taxCode: 'AT',
                      taxName: 'Airport Tax 130 THB for DOM'
                    },
                    { amount: '9.10', taxCode: 'VAT', taxName: 'VAT' }
                  ]
                }
              ]
            },
            {
              productCode: 'NB',
              productName: 'NOK XTRA',
              currency: 'THB',
              fareAmount: '1242.06',
              discount: '0.00',
              seatsAvailable: '15',
              fareKey: 'DMKCNX20250603010000THB_212:URAXTR00',
              paxFareTaxBreakdown: [
                {
                  paxTypeCode: 'Adult',
                  fareAmount: '1242.06',
                  fareAmountIncludingTax: '1468.10',
                  fareBasisCode: 'URAXTR00',
                  taxesAndFees: [
                    { amount: '86.94', taxCode: 'VAT', taxName: 'VAT' },
                    {
                      amount: '130.00',
                      taxCode: 'AT',
                      taxName: 'Airport Tax 130 THB for DOM'
                    },
                    { amount: '9.10', taxCode: 'VAT', taxName: 'VAT' }
                  ]
                }
              ]
            },
            {
              productCode: 'NE',
              productName: 'NOK MAX',
              currency: 'THB',
              fareAmount: '1494.39',
              discount: '0.00',
              seatsAvailable: '15',
              fareKey: 'DMKCNX20250603010000THB_224:URAMAX00',
              paxFareTaxBreakdown: [
                {
                  paxTypeCode: 'Adult',
                  fareAmount: '1494.39',
                  fareAmountIncludingTax: '1738.10',
                  fareBasisCode: 'URAMAX00',
                  taxesAndFees: [
                    {
                      amount: '104.61',
                      taxCode: 'VAT',
                      taxName: 'VAT'
                    },
                    {
                      amount: '130.00',
                      taxCode: 'AT',
                      taxName: 'Airport Tax 130 THB for DOM'
                    },
                    { amount: '9.10', taxCode: 'VAT', taxName: 'VAT' }
                  ]
                }
              ]
            }
          ],
          journeyKey: 'DMKCNX20250603010000THB_DD14020250603'
        },
        {
          departureDate: '2025-06-03 21:20:00',
          arrivalDate: '2025-06-03 22:30:00',
          international: false,
          travelInfos: [
            {
              departureDate: '2025-06-03 21:20:00',
              origin: 'DMK',
              destination: 'CNX',
              international: false,
              arrivalDate: '2025-06-03 22:30:00',
              duration: '1h10m',
              flightNumber: 'DD142',
              aircraftDescription: 'B737-800 (73810)',
              originName: 'BANGKOK DON MUEANG INTERNATIONAL AIRPORT',
              destinationName: 'CHIANG MAI INTERNATIONAL AIRPORT'
            }
          ],
          fares: [
            {
              productCode: 'NF',
              productName: 'NOK LITE',
              currency: 'THB',
              fareAmount: '886.92',
              discount: '0.00',
              seatsAvailable: '15',
              fareKey: 'DMKCNX20250603010000THB_234:URALIT00',
              paxFareTaxBreakdown: [
                {
                  paxTypeCode: 'Adult',
                  fareAmount: '886.92',
                  fareAmountIncludingTax: '1088.10',
                  fareBasisCode: 'URALIT00',
                  taxesAndFees: [
                    { amount: '62.08', taxCode: 'VAT', taxName: 'VAT' },
                    {
                      amount: '130.00',
                      taxCode: 'AT',
                      taxName: 'Airport Tax 130 THB for DOM'
                    },
                    { amount: '9.10', taxCode: 'VAT', taxName: 'VAT' }
                  ]
                }
              ]
            },
            {
              productCode: 'NB',
              productName: 'NOK XTRA',
              currency: 'THB',
              fareAmount: '1242.06',
              discount: '0.00',
              seatsAvailable: '15',
              fareKey: 'DMKCNX20250603010000THB_246:URAXTR00',
              paxFareTaxBreakdown: [
                {
                  paxTypeCode: 'Adult',
                  fareAmount: '1242.06',
                  fareAmountIncludingTax: '1468.10',
                  fareBasisCode: 'URAXTR00',
                  taxesAndFees: [
                    { amount: '86.94', taxCode: 'VAT', taxName: 'VAT' },
                    {
                      amount: '130.00',
                      taxCode: 'AT',
                      taxName: 'Airport Tax 130 THB for DOM'
                    },
                    { amount: '9.10', taxCode: 'VAT', taxName: 'VAT' }
                  ]
                }
              ]
            },
            {
              productCode: 'NE',
              productName: 'NOK MAX',
              currency: 'THB',
              fareAmount: '1494.39',
              discount: '0.00',
              seatsAvailable: '15',
              fareKey: 'DMKCNX20250603010000THB_258:URAMAX00',
              paxFareTaxBreakdown: [
                {
                  paxTypeCode: 'Adult',
                  fareAmount: '1494.39',
                  fareAmountIncludingTax: '1738.10',
                  fareBasisCode: 'URAMAX00',
                  taxesAndFees: [
                    {
                      amount: '104.61',
                      taxCode: 'VAT',
                      taxName: 'VAT'
                    },
                    {
                      amount: '130.00',
                      taxCode: 'AT',
                      taxName: 'Airport Tax 130 THB for DOM'
                    },
                    { amount: '9.10', taxCode: 'VAT', taxName: 'VAT' }
                  ]
                }
              ]
            }
          ],
          journeyKey: 'DMKCNX20250603010000THB_DD14220250603'
        }
      ]
    }
  ]
}
**********────────────────────────────────────────────────────────
##########────────────────────────────────────────────────────────
