🟦 [2025-05-25T01:10:06.347Z] ===== OUTBOUND TO NOK =====
{
  url: 'https://uat-ota.nokair.com/v1/available-flight-fare',
  headers: {
    'X-Correlation-Id': 'dfcddb8e-4c56-4a3c-8ba4-fccac4800591',
    client_id: '887eb5c3d01e4cf192404b731ee2eb27'
  },
  body: {
    agencyCode: '',
    currency: 'THB',
    adult: 1,
    child: 0,
    infant: 0,
    journeys: [
      {
        origin: 'DMK',
        destination: 'KBV',
        departureDate: '2025-06-03'
      }
    ]
  }
}
**********────────────────────────────────────────────────────────
##########────────────────────────────────────────────────────────
